<?xml version="1.0" encoding="utf-8"?><testsuites name="pytest tests"><testsuite name="pytest" errors="0" failures="0" skipped="1" tests="122" time="0.685" timestamp="2026-09-21T17:19:08.087054+00:00" hostname="localhost"><testcase classname="" name="tests.test_sdk_integration" time="0.000"><skipped message="collection skipped">('/mnt/data/jachi-mcp-v2.0.0-rc.1/tests/test_sdk_integration.py', 5, 'Skipped: 실제 MCP SDK 미설치: SDK 통합시험은 설치 환경에서 재실행 필요')</skipped></testcase><testcase classname="tests.test_analysis" name="test_future_not_current" time="0.025" /><testcase classname="tests.test_analysis" name="test_retrospective_not_current" time="0.001" /><testcase classname="tests.test_analysis" name="test_past_effective_not_proof_of_current" time="0.001" /><testcase classname="tests.test_analysis" name="test_semantic_risks[10\ub9cc\uc6d0 \uc9c0\uc6d0-20\ub9cc\uc6d0 \uc9c0\uc6d0-\uc218\uce58]" time="0.001" /><testcase classname="tests.test_analysis" name="test_semantic_risks[\uc9c0\uc6d0\ud560 \uc218 \uc788\ub2e4-\uc9c0\uc6d0\ud558\uc5ec\uc57c \ud55c\ub2e4-\uc758\ubb34]" time="0.001" /><testcase classname="tests.test_analysis" name="test_semantic_risks[\ub300\uc0c1\uc5d0 \ud3ec\ud568-\ub300\uc0c1\uc5d0\uc11c \uc81c\uc678-\ubc94\uc704]" time="0.001" /><testcase classname="tests.test_analysis" name="test_untitled_duplicate_titles_not_lost" time="0.017" /><testcase classname="tests.test_analysis" name="test_diff_flags_and_impacts" time="0.001" /><testcase classname="tests.test_analysis" name="test_diff_sees_supplement_annex" time="0.001" /><testcase classname="tests.test_analysis" name="test_distinct_official_ids_not_version_pair" time="0.000" /><testcase classname="tests.test_analysis" name="test_reference_missing_and_branch" time="0.001" /><testcase classname="tests.test_analysis" name="test_quote_registry_verification" time="0.001" /><testcase classname="tests.test_analysis" name="test_unfounded_legal_claim_rejected" time="0.000" /><testcase classname="tests.test_analysis" name="test_gate_never_legal_approval" time="0.001" /><testcase classname="tests.test_analysis" name="test_rules_flag_privacy_and_rights" time="0.003" /><testcase classname="tests.test_analysis" name="test_no_baseline_does_not_force_enactment" time="0.000" /><testcase classname="tests.test_analysis" name="test_safe_mechanical_patch" time="0.001" /><testcase classname="tests.test_analysis" name="test_patch_preconditions[hash]" time="0.001" /><testcase classname="tests.test_analysis" name="test_patch_preconditions[expected]" time="0.001" /><testcase classname="tests.test_analysis" name="test_patch_preconditions[duplicate]" time="0.001" /><testcase classname="tests.test_analysis" name="test_patch_preconditions[wrong_label]" time="0.001" /><testcase classname="tests.test_analysis" name="test_patch_preconditions[missing_new]" time="0.001" /><testcase classname="tests.test_analysis" name="test_patch_preconditions[unknown_evidence]" time="0.001" /><testcase classname="tests.test_analysis" name="test_delete_keeps_number" time="0.001" /><testcase classname="tests.test_analysis" name="test_insert_branch_without_renumber" time="0.001" /><testcase classname="tests.test_analysis" name="test_comparison_budget_marks_unprocessed" time="0.010" /><testcase classname="tests.test_client" name="test_real_credential_required" time="0.002" /><testcase classname="tests.test_client" name="test_paged_complete" time="0.003" /><testcase classname="tests.test_client" name="test_paging_cap_is_partial" time="0.002" /><testcase classname="tests.test_client" name="test_repeated_page_guard" time="0.005" /><testcase classname="tests.test_client" name="test_failure_is_not_zero_results" time="0.002" /><testcase classname="tests.test_client" name="test_budget_preserves_partial" time="0.002" /><testcase classname="tests.test_client" name="test_cache_does_not_spend_calls" time="0.001" /><testcase classname="tests.test_client" name="test_cached_objects_are_copied" time="0.001" /><testcase classname="tests.test_client" name="test_redirect_rejected" time="0.001" /><testcase classname="tests.test_client" name="test_mst_not_overridden_by_id" time="0.002" /><testcase classname="tests.test_client" name="test_wrong_identity_rejected" time="0.002" /><testcase classname="tests.test_client" name="test_wrong_version_rejected" time="0.002" /><testcase classname="tests.test_client" name="test_wrong_title_rejected" time="0.002" /><testcase classname="tests.test_client" name="test_link_endpoint_params" time="0.002" /><testcase classname="tests.test_client" name="test_response_size_limit" time="0.001" /><testcase classname="tests.test_client" name="test_no_url_or_auth_override" time="0.001" /><testcase classname="tests.test_client" name="test_sborg_requires_org" time="0.001" /><testcase classname="tests.test_client" name="test_underfilled_page_not_complete" time="0.001" /><testcase classname="tests.test_client" name="test_promulgated_view_uses_distinct_endpoint" time="0.001" /><testcase classname="tests.test_client" name="test_explicit_promulgated_mst_without_effective_date" time="0.002" /><testcase classname="tests.test_normalize" name="test_article_ids[1--\uc81c1\uc870]" time="0.001" /><testcase classname="tests.test_normalize" name="test_article_ids[000502--\uc81c5\uc870\uc7582]" time="0.000" /><testcase classname="tests.test_normalize" name="test_article_ids[0005021--\uc81c5\uc870\uc7582]" time="0.001" /><testcase classname="tests.test_normalize" name="test_article_ids[5-2-\uc81c5\uc870\uc7582]" time="0.001" /><testcase classname="tests.test_normalize" name="test_article_ids[\uc81c 5 \uc870 \uc758 2--\uc81c5\uc870\uc7582]" time="0.000" /><testcase classname="tests.test_normalize" name="test_article_ids[0--]" time="0.001" /><testcase classname="tests.test_normalize" name="test_article_ids[\ubcc4\ud45c1--]" time="0.000" /><testcase classname="tests.test_normalize" name="test_singleton_search" time="0.000" /><testcase classname="tests.test_normalize" name="test_not_arbitrary_list" time="0.000" /><testcase classname="tests.test_normalize" name="test_unknown_total_not_zero" time="0.000" /><testcase classname="tests.test_normalize" name="test_nested_article_and_supplements" time="0.001" /><testcase classname="tests.test_normalize" name="test_parse_law" time="0.001" /><testcase classname="tests.test_normalize" name="test_duplicate_article_rejected" time="0.001" /><testcase classname="tests.test_normalize" name="test_empty_detail_rejected" time="0.000" /><testcase classname="tests.test_normalize" name="test_user_text_citation_not_new_heading" time="0.000" /><testcase classname="tests.test_normalize" name="test_user_unstructured_warning" time="0.000" /><testcase classname="tests.test_normalize" name="test_user_cannot_assert_trust" time="0.000" /><testcase classname="tests.test_normalize" name="test_no_ambiguous_region_match" time="0.001" /><testcase classname="tests.test_normalize" name="test_extract_precise_reference" time="0.000" /><testcase classname="tests.test_normalize" name="test_bare_reference_not_guessed" time="0.000" /><testcase classname="tests.test_normalize" name="test_lists_preserved" time="0.000" /><testcase classname="tests.test_normalize" name="test_public_urls_no_oc" time="0.000" /><testcase classname="tests.test_normalize" name="test_api_errors_fail_closed[]" time="0.000" /><testcase classname="tests.test_normalize" name="test_api_errors_fail_closed[&lt;html&gt;login&lt;/html&gt;]" time="0.000" /><testcase classname="tests.test_normalize" name="test_api_errors_fail_closed[{bad]" time="0.000" /><testcase classname="tests.test_normalize" name="test_api_errors_fail_closed[{&quot;error&quot;:&quot;denied&quot;}]" time="0.000" /><testcase classname="tests.test_normalize" name="test_api_errors_fail_closed[{&quot;resultCode&quot;:&quot;401&quot;}]" time="0.000" /><testcase classname="tests.test_normalize" name="test_api_errors_fail_closed[&lt;!DOCTYPE x [&lt;!ENTITY a SYSTEM &quot;file:///etc/passwd&quot;&gt;]&gt;&lt;x&gt;&amp;a;&lt;/x&gt;]" time="0.001" /><testcase classname="tests.test_normalize" name="test_xml_fallback_singleton" time="0.000" /><testcase classname="tests.test_normalize" name="test_invalid_refs[value0]" time="0.000" /><testcase classname="tests.test_normalize" name="test_invalid_refs[value1]" time="0.000" /><testcase classname="tests.test_normalize" name="test_invalid_refs[value2]" time="0.003" /><testcase classname="tests.test_normalize" name="test_invalid_refs[value3]" time="0.000" /><testcase classname="tests.test_normalize" name="test_external_model_needs_consent" time="0.001" /><testcase classname="tests.test_normalize" name="test_date_has_exact_eight_digits[202611]" time="0.000" /><testcase classname="tests.test_normalize" name="test_date_has_exact_eight_digits[202601011]" time="0.001" /><testcase classname="tests.test_normalize" name="test_date_has_exact_eight_digits[abcd0101]" time="0.000" /><testcase classname="tests.test_normalize" name="test_bad_utf8_is_api_error" time="0.000" /><testcase classname="tests.test_normalize" name="test_ordinance_not_promulgated_law_view" time="0.000" /><testcase classname="tests.test_normalize" name="test_annex_files_without_text_are_incomplete" time="0.001" /><testcase classname="tests.test_pipeline_security_monitor" name="test_eight_role_offline_pipeline" time="0.083" /><testcase classname="tests.test_pipeline_security_monitor" name="test_search_failure_keeps_eight_roles" time="0.003" /><testcase classname="tests.test_pipeline_security_monitor" name="test_explicit_baseline_region_checked" time="0.003" /><testcase classname="tests.test_pipeline_security_monitor" name="test_gemini_requested_without_server_permission" time="0.041" /><testcase classname="tests.test_pipeline_security_monitor" name="test_eight_actual_provider_requests_mocked" time="0.062" /><testcase classname="tests.test_pipeline_security_monitor" name="test_llm_hallucinated_citation_rejected" time="0.003" /><testcase classname="tests.test_pipeline_security_monitor" name="test_pii_screen[\uc8fc\ubbfc\ubc88\ud638 900101-1234567]" time="0.001" /><testcase classname="tests.test_pipeline_security_monitor" name="test_pii_screen[\uc5f0\ub77d\ucc98 010-1234-5678]" time="0.000" /><testcase classname="tests.test_pipeline_security_monitor" name="test_pii_screen[test@example.com]" time="0.000" /><testcase classname="tests.test_pipeline_security_monitor" name="test_sensitive_context_not_sent" time="0.001" /><testcase classname="tests.test_pipeline_security_monitor" name="test_untrusted_prompt_remains_data" time="0.042" /><testcase classname="tests.test_pipeline_security_monitor" name="test_no_scripts_in_markdown" time="0.041" /><testcase classname="tests.test_pipeline_security_monitor" name="test_unique_title_not_first_hit" time="0.000" /><testcase classname="tests.test_pipeline_security_monitor" name="test_http_boundary[headers0-/mcp-401]" time="0.001" /><testcase classname="tests.test_pipeline_security_monitor" name="test_http_boundary[headers1-/mcp-200]" time="0.001" /><testcase classname="tests.test_pipeline_security_monitor" name="test_http_boundary[headers2-/mcp-403]" time="0.001" /><testcase classname="tests.test_pipeline_security_monitor" name="test_http_boundary[headers3-/mcp-403]" time="0.001" /><testcase classname="tests.test_pipeline_security_monitor" name="test_http_boundary[headers4-/mcp?oc=secret-400]" time="0.001" /><testcase classname="tests.test_pipeline_security_monitor" name="test_http_boundary[headers5-/health-200]" time="0.002" /><testcase classname="tests.test_pipeline_security_monitor" name="test_http_body_limit" time="0.001" /><testcase classname="tests.test_pipeline_security_monitor" name="test_http_rate_limit" time="0.002" /><testcase classname="tests.test_pipeline_security_monitor" name="test_insecure_configs_rejected[settings0]" time="0.000" /><testcase classname="tests.test_pipeline_security_monitor" name="test_insecure_configs_rejected[settings1]" time="0.000" /><testcase classname="tests.test_pipeline_security_monitor" name="test_insecure_configs_rejected[settings2]" time="0.000" /><testcase classname="tests.test_pipeline_security_monitor" name="test_insecure_configs_rejected[settings3]" time="0.001" /><testcase classname="tests.test_pipeline_security_monitor" name="test_insecure_configs_rejected[settings4]" time="0.000" /><testcase classname="tests.test_pipeline_security_monitor" name="test_local_host_pattern" time="0.000" /><testcase classname="tests.test_pipeline_security_monitor" name="test_snapshots_restart_and_idempotence" time="0.005" /><testcase classname="tests.test_pipeline_security_monitor" name="test_stale_snapshot_not_committed" time="0.002" /><testcase classname="tests.test_pipeline_security_monitor" name="test_failed_watch_preserves_old" time="0.002" /><testcase classname="tests.test_pipeline_security_monitor" name="test_fixed_historical_mst_cannot_be_watched" time="0.000" /><testcase classname="tests.test_pipeline_security_monitor" name="test_promulgated_separate_watch_key" time="0.000" /><testcase classname="tests.test_pipeline_security_monitor" name="test_drafting_receives_team_constraints" time="0.043" /><testcase classname="tests.test_pipeline_security_monitor" name="test_proposed_clause_checks_source_and_structure" time="0.001" /><testcase classname="tests.test_pipeline_security_monitor" name="test_final_gate_includes_a8_rejected_claim" time="0.063" /></testsuite></testsuites>